Jun 05 00:24:01 [Warning] [default] [default] PDOException Object
(
    [message:protected] => SQLSTATE[HY000]: General error: 2006 MySQL server has gone away
    [string:Exception:private] => PDOException: SQLSTATE[HY000]: General error: 2006 MySQL server has gone away in /usr/share/nginx/html/lhc_web/lib/core/lhchat/lhchat.php:837
Stack trace:
#0 /usr/share/nginx/html/lhc_web/lib/core/lhchat/lhchat.php(837): PDOStatement->execute()
#1 /usr/share/nginx/html/lhc_web/cache/compiledtemplates/34023aa7045132913b1dd04100eec8be.php(1): erLhcoreClassChat::isOnline()
#2 /usr/share/nginx/html/lhc_web/lib/core/lhtpl/tpl.php(558): include('/usr/share/ngin...')
#3 /usr/share/nginx/html/lhc_web/lib/core/lhtpl/tpl.php(531): erLhcoreClassTemplate->fetchExecute()
#4 /usr/share/nginx/html/lhc_web/cache/compiledtemplates/637f2865c60a02ad97f85055e1b7ca2e.php(2): erLhcoreClassTemplate->fetch()
#5 /usr/share/nginx/html/lhc_web/lib/core/lhcore/lhmodule.php(96): include('/usr/share/ngin...')
#6 /usr/share/nginx/html/lhc_web/lib/core/lhcore/lhmodule.php(547): erLhcoreClassModule::runModule()
#7 /usr/share/nginx/html/lhc_web/index.php(44): erLhcoreClassModule::moduleInit()
#8 {main}
    [code:protected] => HY000
    [file:protected] => /usr/share/nginx/html/lhc_web/lib/core/lhchat/lhchat.php
    [line:protected] => 837
    [trace:Exception:private] => Array
        (
            [0] => Array
                (
                    [file] => /usr/share/nginx/html/lhc_web/lib/core/lhchat/lhchat.php
                    [line] => 837
                    [function] => execute
                    [class] => PDOStatement
                    [type] => ->
                )

            [1] => Array
                (
                    [file] => /usr/share/nginx/html/lhc_web/cache/compiledtemplates/34023aa7045132913b1dd04100eec8be.php
                    [line] => 1
                    [function] => isOnline
                    [class] => erLhcoreClassChat
                    [type] => ::
                )

            [2] => Array
                (
                    [file] => /usr/share/nginx/html/lhc_web/lib/core/lhtpl/tpl.php
                    [line] => 558
                    [args] => Array
                        (
                            [0] => /usr/share/nginx/html/lhc_web/cache/compiledtemplates/34023aa7045132913b1dd04100eec8be.php
                        )

                    [function] => include
                )

            [3] => Array
                (
                    [file] => /usr/share/nginx/html/lhc_web/lib/core/lhtpl/tpl.php
                    [line] => 531
                    [function] => fetchExecute
                    [class] => erLhcoreClassTemplate
                    [type] => ->
                )

            [4] => Array
                (
                    [file] => /usr/share/nginx/html/lhc_web/cache/compiledtemplates/637f2865c60a02ad97f85055e1b7ca2e.php
                    [line] => 2
                    [function] => fetch
                    [class] => erLhcoreClassTemplate
                    [type] => ->
                )

            [5] => Array
                (
                    [file] => /usr/share/nginx/html/lhc_web/lib/core/lhcore/lhmodule.php
                    [line] => 96
                    [args] => Array
                        (
                            [0] => /usr/share/nginx/html/lhc_web/cache/compiledtemplates/637f2865c60a02ad97f85055e1b7ca2e.php
                        )

                    [function] => include
                )

            [6] => Array
                (
                    [file] => /usr/share/nginx/html/lhc_web/lib/core/lhcore/lhmodule.php
                    [line] => 547
                    [function] => runModule
                    [class] => erLhcoreClassModule
                    [type] => ::
                )

            [7] => Array
                (
                    [file] => /usr/share/nginx/html/lhc_web/index.php
                    [line] => 44
                    [function] => moduleInit
                    [class] => erLhcoreClassModule
                    [type] => ::
                )

        )

    [previous:Exception:private] => 
    [errorInfo] => Array
        (
            [0] => HY000
            [1] => 2006
            [2] => MySQL server has gone away
        )

)

Jun 05 00:28:31 [Warning] [default] [default] PDOException Object
(
    [message:protected] => SQLSTATE[HY000]: General error: 2006 MySQL server has gone away
    [string:Exception:private] => PDOException: SQLSTATE[HY000]: General error: 2006 MySQL server has gone away in /usr/share/nginx/html/lhc_web/lib/core/lhchat/lhchat.php:837
Stack trace:
#0 /usr/share/nginx/html/lhc_web/lib/core/lhchat/lhchat.php(837): PDOStatement->execute()
#1 /usr/share/nginx/html/lhc_web/cache/compiledtemplates/34023aa7045132913b1dd04100eec8be.php(1): erLhcoreClassChat::isOnline()
#2 /usr/share/nginx/html/lhc_web/lib/core/lhtpl/tpl.php(558): include('/usr/share/ngin...')
#3 /usr/share/nginx/html/lhc_web/lib/core/lhtpl/tpl.php(531): erLhcoreClassTemplate->fetchExecute()
#4 /usr/share/nginx/html/lhc_web/cache/compiledtemplates/637f2865c60a02ad97f85055e1b7ca2e.php(2): erLhcoreClassTemplate->fetch()
#5 /usr/share/nginx/html/lhc_web/lib/core/lhcore/lhmodule.php(96): include('/usr/share/ngin...')
#6 /usr/share/nginx/html/lhc_web/lib/core/lhcore/lhmodule.php(547): erLhcoreClassModule::runModule()
#7 /usr/share/nginx/html/lhc_web/index.php(44): erLhcoreClassModule::moduleInit()
#8 {main}
    [code:protected] => HY000
    [file:protected] => /usr/share/nginx/html/lhc_web/lib/core/lhchat/lhchat.php
    [line:protected] => 837
    [trace:Exception:private] => Array
        (
            [0] => Array
                (
                    [file] => /usr/share/nginx/html/lhc_web/lib/core/lhchat/lhchat.php
                    [line] => 837
                    [function] => execute
                    [class] => PDOStatement
                    [type] => ->
                )

            [1] => Array
                (
                    [file] => /usr/share/nginx/html/lhc_web/cache/compiledtemplates/34023aa7045132913b1dd04100eec8be.php
                    [line] => 1
                    [function] => isOnline
                    [class] => erLhcoreClassChat
                    [type] => ::
                )

            [2] => Array
                (
                    [file] => /usr/share/nginx/html/lhc_web/lib/core/lhtpl/tpl.php
                    [line] => 558
                    [args] => Array
                        (
                            [0] => /usr/share/nginx/html/lhc_web/cache/compiledtemplates/34023aa7045132913b1dd04100eec8be.php
                        )

                    [function] => include
                )

            [3] => Array
                (
                    [file] => /usr/share/nginx/html/lhc_web/lib/core/lhtpl/tpl.php
                    [line] => 531
                    [function] => fetchExecute
                    [class] => erLhcoreClassTemplate
                    [type] => ->
                )

            [4] => Array
                (
                    [file] => /usr/share/nginx/html/lhc_web/cache/compiledtemplates/637f2865c60a02ad97f85055e1b7ca2e.php
                    [line] => 2
                    [function] => fetch
                    [class] => erLhcoreClassTemplate
                    [type] => ->
                )

            [5] => Array
                (
                    [file] => /usr/share/nginx/html/lhc_web/lib/core/lhcore/lhmodule.php
                    [line] => 96
                    [args] => Array
                        (
                            [0] => /usr/share/nginx/html/lhc_web/cache/compiledtemplates/637f2865c60a02ad97f85055e1b7ca2e.php
                        )

                    [function] => include
                )

            [6] => Array
                (
                    [file] => /usr/share/nginx/html/lhc_web/lib/core/lhcore/lhmodule.php
                    [line] => 547
                    [function] => runModule
                    [class] => erLhcoreClassModule
                    [type] => ::
                )

            [7] => Array
                (
                    [file] => /usr/share/nginx/html/lhc_web/index.php
                    [line] => 44
                    [function] => moduleInit
                    [class] => erLhcoreClassModule
                    [type] => ::
                )

        )

    [previous:Exception:private] => 
    [errorInfo] => Array
        (
            [0] => HY000
            [1] => 2006
            [2] => MySQL server has gone away
        )

)

Jun 05 00:28:33 [Warning] [default] [default] PDOException Object
(
    [message:protected] => SQLSTATE[HY000]: General error: 2006 MySQL server has gone away
    [string:Exception:private] => PDOException: SQLSTATE[HY000]: General error: 2006 MySQL server has gone away in /usr/share/nginx/html/lhc_web/lib/core/lhchat/lhchat.php:837
Stack trace:
#0 /usr/share/nginx/html/lhc_web/lib/core/lhchat/lhchat.php(837): PDOStatement->execute()
#1 /usr/share/nginx/html/lhc_web/cache/compiledtemplates/34023aa7045132913b1dd04100eec8be.php(1): erLhcoreClassChat::isOnline()
#2 /usr/share/nginx/html/lhc_web/lib/core/lhtpl/tpl.php(558): include('/usr/share/ngin...')
#3 /usr/share/nginx/html/lhc_web/lib/core/lhtpl/tpl.php(531): erLhcoreClassTemplate->fetchExecute()
#4 /usr/share/nginx/html/lhc_web/cache/compiledtemplates/637f2865c60a02ad97f85055e1b7ca2e.php(2): erLhcoreClassTemplate->fetch()
#5 /usr/share/nginx/html/lhc_web/lib/core/lhcore/lhmodule.php(96): include('/usr/share/ngin...')
#6 /usr/share/nginx/html/lhc_web/lib/core/lhcore/lhmodule.php(547): erLhcoreClassModule::runModule()
#7 /usr/share/nginx/html/lhc_web/index.php(44): erLhcoreClassModule::moduleInit()
#8 {main}
    [code:protected] => HY000
    [file:protected] => /usr/share/nginx/html/lhc_web/lib/core/lhchat/lhchat.php
    [line:protected] => 837
    [trace:Exception:private] => Array
        (
            [0] => Array
                (
                    [file] => /usr/share/nginx/html/lhc_web/lib/core/lhchat/lhchat.php
                    [line] => 837
                    [function] => execute
                    [class] => PDOStatement
                    [type] => ->
                )

            [1] => Array
                (
                    [file] => /usr/share/nginx/html/lhc_web/cache/compiledtemplates/34023aa7045132913b1dd04100eec8be.php
                    [line] => 1
                    [function] => isOnline
                    [class] => erLhcoreClassChat
                    [type] => ::
                )

            [2] => Array
                (
                    [file] => /usr/share/nginx/html/lhc_web/lib/core/lhtpl/tpl.php
                    [line] => 558
                    [args] => Array
                        (
                            [0] => /usr/share/nginx/html/lhc_web/cache/compiledtemplates/34023aa7045132913b1dd04100eec8be.php
                        )

                    [function] => include
                )

            [3] => Array
                (
                    [file] => /usr/share/nginx/html/lhc_web/lib/core/lhtpl/tpl.php
                    [line] => 531
                    [function] => fetchExecute
                    [class] => erLhcoreClassTemplate
                    [type] => ->
                )

            [4] => Array
                (
                    [file] => /usr/share/nginx/html/lhc_web/cache/compiledtemplates/637f2865c60a02ad97f85055e1b7ca2e.php
                    [line] => 2
                    [function] => fetch
                    [class] => erLhcoreClassTemplate
                    [type] => ->
                )

            [5] => Array
                (
                    [file] => /usr/share/nginx/html/lhc_web/lib/core/lhcore/lhmodule.php
                    [line] => 96
                    [args] => Array
                        (
                            [0] => /usr/share/nginx/html/lhc_web/cache/compiledtemplates/637f2865c60a02ad97f85055e1b7ca2e.php
                        )

                    [function] => include
                )

            [6] => Array
                (
                    [file] => /usr/share/nginx/html/lhc_web/lib/core/lhcore/lhmodule.php
                    [line] => 547
                    [function] => runModule
                    [class] => erLhcoreClassModule
                    [type] => ::
                )

            [7] => Array
                (
                    [file] => /usr/share/nginx/html/lhc_web/index.php
                    [line] => 44
                    [function] => moduleInit
                    [class] => erLhcoreClassModule
                    [type] => ::
                )

        )

    [previous:Exception:private] => 
    [errorInfo] => Array
        (
            [0] => HY000
            [1] => 2006
            [2] => MySQL server has gone away
        )

)

